<?xml version="1.0" encoding="UTF-8"?>
<!-- Generated by org.testng.reporters.JUnitReportReporter -->
<testsuite hostname="DESKTOP-TTQK58G" failures="0" tests="1" name="TESTNG_CHAPTER.Flipkart_TestNGAnnotations" time="17.832" errors="0" timestamp="2022-02-27T09:47:51 IST" skipped="0">
  <testcase classname="TESTNG_CHAPTER.Flipkart_TestNGAnnotations" name="Login" time="17.832"/>
  <system-out/>
</testsuite> <!-- TESTNG_CHAPTER.Flipkart_TestNGAnnotations -->
